2015-09-13 12:21:52 INFO  TestJunit:19 - true
2015-09-13 12:29:19 INFO  TestJunit:17 - testAdd(com.ashish.assertion.junit.TestJunit): expected:<...unit is working fine[1]> but was:<...unit is working fine[]>
2015-09-13 12:29:19 INFO  TestJunit:19 - false
2015-09-13 12:30:08 INFO  TestJunit:19 - true
2015-09-13 12:58:54 INFO  TestAssertionRunner:16 - initializationError(com.ashish.assertion.junit.TestAssertions): No runnable methods
2015-09-13 12:58:54 INFO  TestAssertionRunner:18 - Failure Count : 1
2015-09-13 12:58:54 INFO  TestAssertionRunner:19 - false
2015-09-13 13:07:05 INFO  TestAssertionRunner:18 - Failure Count : 0
2015-09-13 13:07:05 INFO  TestAssertionRunner:19 - true
2015-09-13 13:07:40 INFO  TestAssertionRunner:18 - Failure Count : 0
2015-09-13 13:07:40 INFO  TestAssertionRunner:19 - true
2015-09-13 13:08:14 INFO  TestAssertionRunner:18 - Failure Count : 0
2015-09-13 13:08:14 INFO  TestAssertionRunner:19 - true
2015-09-13 13:08:51 INFO  TestAssertionRunner:18 - Failure Count : 0
2015-09-13 13:08:51 INFO  TestAssertionRunner:19 - true
2015-09-13 13:09:15 INFO  TestAssertionRunner:18 - Failure Count : 0
2015-09-13 13:09:15 INFO  TestAssertionRunner:19 - true
2015-09-13 13:09:51 INFO  TestAssertionRunner:18 - Failure Count : 0
2015-09-13 13:09:51 INFO  TestAssertionRunner:19 - true
2015-09-13 13:11:00 INFO  TestAssertionRunner:16 - testAssertions(com.ashish.assertion.junit.TestAssertions): arrays first differed at element [2]; expected:<three[]> but was:<three[e]>
2015-09-13 13:11:00 INFO  TestAssertionRunner:18 - Failure Count : 1
2015-09-13 13:11:00 INFO  TestAssertionRunner:19 - false
2015-09-13 13:11:48 INFO  TestAssertionRunner:18 - Failure Count : 0
2015-09-13 13:11:48 INFO  TestAssertionRunner:19 - true
2015-09-13 13:46:01 INFO  ExecutionProcedureRunner:18 - true
2015-09-13 13:47:27 ERROR TestAssertionRunner:16 - testAssertions(com.ashish.assertion.junit.TestAssertions): array lengths differed, expected.length=4 actual.length=3
2015-09-13 13:47:27 INFO  TestAssertionRunner:18 - Failure Count : 1
2015-09-13 13:47:27 INFO  TestAssertionRunner:19 - false
2015-09-13 13:48:01 INFO  TestAssertionRunner:18 - Failure Count : 0
2015-09-13 13:48:01 INFO  TestAssertionRunner:19 - true
